<?xml version="1.0" encoding="UTF-8"?>
<!-- Generated by org.testng.reporters.JUnitXMLReporter -->
<testsuite hostname="Mohameds-MBP" ignored="0" name="Test1" tests="1" failures="1" timestamp="18 Dec 2018 11:30:40 GMT" time="0.045" errors="0">
  <testcase name="AddtoCart" time="0.01" classname="testClasses.SnapDeal_Test">
    <failure type="java.lang.NullPointerException">
      <![CDATA[java.lang.NullPointerException
	at testPages.HomePage.ClickSearchBox(HomePage.java:32)
	at testClasses.SnapDeal_Test.AddtoCart(SnapDeal_Test.java:52)
	at java.util.concurrent.ThreadPoolExecutor.runWorker(ThreadPoolExecutor.java:1149)
	at java.util.concurrent.ThreadPoolExecutor$Worker.run(ThreadPoolExecutor.java:624)
	at java.lang.Thread.run(Thread.java:748)
... Removed 10 stack frames]]>
    </failure>
  </testcase> <!-- AddtoCart -->
</testsuite> <!-- Test1 -->
